{"C:\\Users\\SHYAM\\Downloads\\softeendsem-main (1)\\softeendsem-main\\server\\app.js": {"path":"C:\\Users\\SHYAM\\Downloads\\softeendsem-main (1)\\softeendsem-main\\server\\app.js","statementMap":{"0":{"start":{"line":1,"column":16},"end":{"line":1,"column":34}},"1":{"start":{"line":2,"column":13},"end":{"line":2,"column":28}},"2":{"start":{"line":3,"column":17},"end":{"line":3,"column":36}},"3":{"start":{"line":5,"column":19},"end":{"line":5,"column":41}},"4":{"start":{"line":6,"column":13},"end":{"line":6,"column":42}},"5":{"start":{"line":7,"column":15},"end":{"line":7,"column":35}},"6":{"start":{"line":8,"column":17},"end":{"line":8,"column":34}},"7":{"start":{"line":9,"column":0},"end":{"line":9,"column":27}},"8":{"start":{"line":10,"column":22},"end":{"line":10,"column":50}},"9":{"start":{"line":12,"column":19},"end":{"line":12,"column":49}},"10":{"start":{"line":15,"column":0},"end":{"line":34,"column":1}},"11":{"start":{"line":16,"column":12},"end":{"line":16,"column":21}},"12":{"start":{"line":17,"column":0},"end":{"line":21,"column":2}},"13":{"start":{"line":22,"column":0},"end":{"line":22,"column":16}},"14":{"start":{"line":23,"column":0},"end":{"line":23,"column":24}},"15":{"start":{"line":26,"column":0},"end":{"line":26,"column":33}},"16":{"start":{"line":27,"column":0},"end":{"line":27,"column":40}},"17":{"start":{"line":33,"column":0},"end":{"line":33,"column":11}}},"fnMap":{"0":{"name":"(anonymous_0)","decl":{"start":{"line":15,"column":23},"end":{"line":15,"column":24}},"loc":{"start":{"line":15,"column":27},"end":{"line":34,"column":1}},"line":15}},"branchMap":{},"s":{"0":7,"1":7,"2":7,"3":7,"4":7,"5":7,"6":7,"7":7,"8":7,"9":7,"10":7,"11":7,"12":7,"13":7,"14":7,"15":7,"16":7,"17":7},"f":{"0":7},"b":{},"_coverageSchema":"1a1c01bbd47fc00a2c39e90264f33305004495a9","hash":"99fcb8c5344a444393901875a90c97fdf39502cc"}
,"C:\\Users\\SHYAM\\Downloads\\softeendsem-main (1)\\softeendsem-main\\server\\controllers\\messageController.js": {"path":"C:\\Users\\SHYAM\\Downloads\\softeendsem-main (1)\\softeendsem-main\\server\\controllers\\messageController.js","statementMap":{"0":{"start":{"line":1,"column":17},"end":{"line":1,"column":50}},"1":{"start":{"line":3,"column":0},"end":{"line":32,"column":2}},"2":{"start":{"line":4,"column":2},"end":{"line":31,"column":3}},"3":{"start":{"line":5,"column":4},"end":{"line":5,"column":26}},"4":{"start":{"line":6,"column":4},"end":{"line":6,"column":35}},"5":{"start":{"line":7,"column":25},"end":{"line":7,"column":33}},"6":{"start":{"line":9,"column":21},"end":{"line":13,"column":29}},"7":{"start":{"line":14,"column":4},"end":{"line":14,"column":26}},"8":{"start":{"line":15,"column":0},"end":{"line":17,"column":1}},"9":{"start":{"line":16,"column":2},"end":{"line":16,"column":34}},"10":{"start":{"line":18,"column":30},"end":{"line":23,"column":6}},"11":{"start":{"line":19,"column":6},"end":{"line":22,"column":8}},"12":{"start":{"line":24,"column":4},"end":{"line":24,"column":34}},"13":{"start":{"line":25,"column":4},"end":{"line":25,"column":35}},"14":{"start":{"line":28,"column":4},"end":{"line":28,"column":55}},"15":{"start":{"line":30,"column":4},"end":{"line":30,"column":13}},"16":{"start":{"line":34,"column":0},"end":{"line":50,"column":2}},"17":{"start":{"line":35,"column":2},"end":{"line":49,"column":3}},"18":{"start":{"line":36,"column":0},"end":{"line":36,"column":22}},"19":{"start":{"line":38,"column":34},"end":{"line":38,"column":42}},"20":{"start":{"line":39,"column":17},"end":{"line":43,"column":6}},"21":{"start":{"line":44,"column":0},"end":{"line":44,"column":18}},"22":{"start":{"line":45,"column":4},"end":{"line":45,"column":84}},"23":{"start":{"line":45,"column":14},"end":{"line":45,"column":84}},"24":{"start":{"line":53,"column":0},"end":{"line":67,"column":2}},"25":{"start":{"line":54,"column":2},"end":{"line":66,"column":3}},"26":{"start":{"line":55,"column":24},"end":{"line":55,"column":32}},"27":{"start":{"line":56,"column":0},"end":{"line":56,"column":22}},"28":{"start":{"line":57,"column":25},"end":{"line":60,"column":6}},"29":{"start":{"line":62,"column":4},"end":{"line":62,"column":115}},"30":{"start":{"line":62,"column":38},"end":{"line":62,"column":115}}},"fnMap":{"0":{"name":"(anonymous_0)","decl":{"start":{"line":3,"column":29},"end":{"line":3,"column":30}},"loc":{"start":{"line":3,"column":55},"end":{"line":32,"column":1}},"line":3},"1":{"name":"(anonymous_1)","decl":{"start":{"line":18,"column":43},"end":{"line":18,"column":44}},"loc":{"start":{"line":18,"column":52},"end":{"line":23,"column":5}},"line":18},"2":{"name":"(anonymous_2)","decl":{"start":{"line":34,"column":28},"end":{"line":34,"column":29}},"loc":{"start":{"line":34,"column":54},"end":{"line":50,"column":1}},"line":34},"3":{"name":"(anonymous_3)","decl":{"start":{"line":53,"column":31},"end":{"line":53,"column":32}},"loc":{"start":{"line":53,"column":57},"end":{"line":67,"column":1}},"line":53}},"branchMap":{"0":{"loc":{"start":{"line":15,"column":0},"end":{"line":17,"column":1}},"type":"if","locations":[{"start":{"line":15,"column":0},"end":{"line":17,"column":1}},{"start":{},"end":{}}],"line":15},"1":{"loc":{"start":{"line":45,"column":4},"end":{"line":45,"column":84}},"type":"if","locations":[{"start":{"line":45,"column":4},"end":{"line":45,"column":84}},{"start":{},"end":{}}],"line":45},"2":{"loc":{"start":{"line":62,"column":4},"end":{"line":62,"column":115}},"type":"if","locations":[{"start":{"line":62,"column":4},"end":{"line":62,"column":115}},{"start":{},"end":{}}],"line":62}},"s":{"0":7,"1":7,"2":1,"3":1,"4":1,"5":1,"6":1,"7":1,"8":1,"9":0,"10":1,"11":1,"12":1,"13":1,"14":1,"15":0,"16":7,"17":1,"18":1,"19":1,"20":1,"21":1,"22":1,"23":1,"24":7,"25":1,"26":1,"27":1,"28":1,"29":1,"30":1},"f":{"0":1,"1":1,"2":1,"3":1},"b":{"0":[0,1],"1":[1,0],"2":[1,0]},"_coverageSchema":"1a1c01bbd47fc00a2c39e90264f33305004495a9","hash":"050a650f19504a8538c5a156efaa3be524b060e2"}
,"C:\\Users\\SHYAM\\Downloads\\softeendsem-main (1)\\softeendsem-main\\server\\controllers\\userController.js": {"path":"C:\\Users\\SHYAM\\Downloads\\softeendsem-main (1)\\softeendsem-main\\server\\controllers\\userController.js","statementMap":{"0":{"start":{"line":1,"column":13},"end":{"line":1,"column":43}},"1":{"start":{"line":2,"column":15},"end":{"line":2,"column":34}},"2":{"start":{"line":4,"column":12},"end":{"line":4,"column":35}},"3":{"start":{"line":6,"column":19},"end":{"line":6,"column":40}},"4":{"start":{"line":7,"column":20},"end":{"line":18,"column":2}},"5":{"start":{"line":20,"column":0},"end":{"line":40,"column":2}},"6":{"start":{"line":21,"column":2},"end":{"line":39,"column":3}},"7":{"start":{"line":23,"column":35},"end":{"line":23,"column":43}},"8":{"start":{"line":24,"column":17},"end":{"line":24,"column":49}},"9":{"start":{"line":26,"column":4},"end":{"line":27,"column":80}},"10":{"start":{"line":27,"column":6},"end":{"line":27,"column":80}},"11":{"start":{"line":29,"column":4},"end":{"line":29,"column":68}},"12":{"start":{"line":31,"column":4},"end":{"line":32,"column":80}},"13":{"start":{"line":32,"column":6},"end":{"line":32,"column":80}},"14":{"start":{"line":35,"column":4},"end":{"line":35,"column":25}},"15":{"start":{"line":36,"column":4},"end":{"line":36,"column":44}},"16":{"start":{"line":38,"column":4},"end":{"line":38,"column":13}},"17":{"start":{"line":42,"column":0},"end":{"line":54,"column":2}},"18":{"start":{"line":44,"column":2},"end":{"line":53,"column":3}},"19":{"start":{"line":45,"column":25},"end":{"line":45,"column":33}},"20":{"start":{"line":46,"column":17},"end":{"line":46,"column":49}},"21":{"start":{"line":49,"column":4},"end":{"line":49,"column":44}},"22":{"start":{"line":52,"column":4},"end":{"line":52,"column":13}},"23":{"start":{"line":56,"column":0},"end":{"line":118,"column":2}},"24":{"start":{"line":59,"column":2},"end":{"line":117,"column":3}},"25":{"start":{"line":61,"column":6},"end":{"line":61,"column":14}},"26":{"start":{"line":62,"column":26},"end":{"line":62,"column":58}},"27":{"start":{"line":64,"column":4},"end":{"line":65,"column":71}},"28":{"start":{"line":65,"column":6},"end":{"line":65,"column":71}},"29":{"start":{"line":66,"column":23},"end":{"line":66,"column":52}},"30":{"start":{"line":67,"column":4},"end":{"line":68,"column":68}},"31":{"start":{"line":68,"column":6},"end":{"line":68,"column":68}},"32":{"start":{"line":70,"column":27},"end":{"line":70,"column":58}},"33":{"start":{"line":73,"column":4},"end":{"line":86,"column":5}},"34":{"start":{"line":75,"column":5},"end":{"line":81,"column":6}},"35":{"start":{"line":84,"column":6},"end":{"line":84,"column":51}},"36":{"start":{"line":111,"column":4},"end":{"line":111,"column":41}},"37":{"start":{"line":112,"column":4},"end":{"line":112,"column":25}},"38":{"start":{"line":113,"column":4},"end":{"line":113,"column":49}},"39":{"start":{"line":116,"column":4},"end":{"line":116,"column":13}},"40":{"start":{"line":121,"column":0},"end":{"line":158,"column":2}},"41":{"start":{"line":122,"column":2},"end":{"line":157,"column":3}},"42":{"start":{"line":125,"column":4},"end":{"line":125,"column":26}},"43":{"start":{"line":126,"column":21},"end":{"line":126,"column":38}},"44":{"start":{"line":129,"column":4},"end":{"line":135,"column":5}},"45":{"start":{"line":130,"column":6},"end":{"line":130,"column":87}},"46":{"start":{"line":134,"column":6},"end":{"line":134,"column":25}},"47":{"start":{"line":137,"column":4},"end":{"line":143,"column":5}},"48":{"start":{"line":138,"column":6},"end":{"line":138,"column":87}},"49":{"start":{"line":142,"column":6},"end":{"line":142,"column":25}},"50":{"start":{"line":152,"column":4},"end":{"line":152,"column":36}},"51":{"start":{"line":156,"column":4},"end":{"line":156,"column":13}},"52":{"start":{"line":207,"column":0},"end":{"line":243,"column":2}},"53":{"start":{"line":208,"column":2},"end":{"line":242,"column":3}},"54":{"start":{"line":210,"column":21},"end":{"line":210,"column":38}},"55":{"start":{"line":211,"column":23},"end":{"line":211,"column":42}},"56":{"start":{"line":213,"column":4},"end":{"line":223,"column":5}},"57":{"start":{"line":214,"column":21},"end":{"line":214,"column":50}},"58":{"start":{"line":218,"column":6},"end":{"line":220,"column":7}},"59":{"start":{"line":219,"column":8},"end":{"line":219,"column":79}},"60":{"start":{"line":222,"column":6},"end":{"line":222,"column":22}},"61":{"start":{"line":225,"column":17},"end":{"line":229,"column":5}},"62":{"start":{"line":230,"column":18},"end":{"line":234,"column":5}},"63":{"start":{"line":237,"column":4},"end":{"line":237,"column":76}},"64":{"start":{"line":241,"column":4},"end":{"line":241,"column":13}},"65":{"start":{"line":255,"column":0},"end":{"line":276,"column":2}},"66":{"start":{"line":256,"column":2},"end":{"line":275,"column":3}},"67":{"start":{"line":258,"column":15},"end":{"line":258,"column":26}},"68":{"start":{"line":259,"column":22},"end":{"line":259,"column":40}},"69":{"start":{"line":260,"column":17},"end":{"line":260,"column":40}},"70":{"start":{"line":261,"column":12},"end":{"line":261,"column":24}},"71":{"start":{"line":262,"column":17},"end":{"line":262,"column":28}},"72":{"start":{"line":263,"column":4},"end":{"line":263,"column":36}},"73":{"start":{"line":264,"column":4},"end":{"line":264,"column":14}},"74":{"start":{"line":265,"column":4},"end":{"line":265,"column":24}},"75":{"start":{"line":266,"column":24},"end":{"line":270,"column":5}},"76":{"start":{"line":272,"column":4},"end":{"line":272,"column":52}},"77":{"start":{"line":274,"column":4},"end":{"line":274,"column":13}},"78":{"start":{"line":278,"column":0},"end":{"line":287,"column":2}},"79":{"start":{"line":279,"column":2},"end":{"line":286,"column":3}},"80":{"start":{"line":281,"column":15},"end":{"line":281,"column":26}},"81":{"start":{"line":282,"column":17},"end":{"line":282,"column":40}},"82":{"start":{"line":283,"column":4},"end":{"line":283,"column":68}},"83":{"start":{"line":285,"column":4},"end":{"line":285,"column":13}},"84":{"start":{"line":289,"column":0},"end":{"line":309,"column":2}},"85":{"start":{"line":290,"column":2},"end":{"line":308,"column":3}},"86":{"start":{"line":292,"column":19},"end":{"line":292,"column":30}},"87":{"start":{"line":294,"column":17},"end":{"line":294,"column":44}},"88":{"start":{"line":296,"column":27},"end":{"line":296,"column":39}},"89":{"start":{"line":297,"column":18},"end":{"line":297,"column":20}},"90":{"start":{"line":298,"column":4},"end":{"line":301,"column":5}},"91":{"start":{"line":299,"column":19},"end":{"line":299,"column":48}},"92":{"start":{"line":300,"column":6},"end":{"line":300,"column":25}},"93":{"start":{"line":305,"column":4},"end":{"line":305,"column":29}},"94":{"start":{"line":307,"column":4},"end":{"line":307,"column":13}},"95":{"start":{"line":334,"column":0},"end":{"line":354,"column":2}},"96":{"start":{"line":335,"column":2},"end":{"line":353,"column":3}},"97":{"start":{"line":336,"column":19},"end":{"line":336,"column":30}},"98":{"start":{"line":337,"column":28},"end":{"line":337,"column":52}},"99":{"start":{"line":340,"column":21},"end":{"line":346,"column":5}},"100":{"start":{"line":348,"column":4},"end":{"line":350,"column":7}},"101":{"start":{"line":352,"column":4},"end":{"line":352,"column":13}},"102":{"start":{"line":356,"column":22},"end":{"line":358,"column":1}},"103":{"start":{"line":357,"column":2},"end":{"line":357,"column":72}}},"fnMap":{"0":{"name":"(anonymous_0)","decl":{"start":{"line":20,"column":23},"end":{"line":20,"column":24}},"loc":{"start":{"line":20,"column":49},"end":{"line":40,"column":1}},"line":20},"1":{"name":"(anonymous_1)","decl":{"start":{"line":42,"column":29},"end":{"line":42,"column":30}},"loc":{"start":{"line":42,"column":55},"end":{"line":54,"column":1}},"line":42},"2":{"name":"(anonymous_2)","decl":{"start":{"line":56,"column":26},"end":{"line":56,"column":27}},"loc":{"start":{"line":56,"column":52},"end":{"line":118,"column":1}},"line":56},"3":{"name":"(anonymous_3)","decl":{"start":{"line":121,"column":30},"end":{"line":121,"column":31}},"loc":{"start":{"line":121,"column":56},"end":{"line":158,"column":1}},"line":121},"4":{"name":"(anonymous_4)","decl":{"start":{"line":207,"column":27},"end":{"line":207,"column":28}},"loc":{"start":{"line":207,"column":53},"end":{"line":243,"column":1}},"line":207},"5":{"name":"(anonymous_5)","decl":{"start":{"line":255,"column":26},"end":{"line":255,"column":27}},"loc":{"start":{"line":255,"column":52},"end":{"line":276,"column":1}},"line":255},"6":{"name":"(anonymous_6)","decl":{"start":{"line":278,"column":27},"end":{"line":278,"column":28}},"loc":{"start":{"line":278,"column":53},"end":{"line":287,"column":1}},"line":278},"7":{"name":"(anonymous_7)","decl":{"start":{"line":289,"column":28},"end":{"line":289,"column":29}},"loc":{"start":{"line":289,"column":54},"end":{"line":309,"column":1}},"line":289},"8":{"name":"(anonymous_8)","decl":{"start":{"line":334,"column":35},"end":{"line":334,"column":36}},"loc":{"start":{"line":334,"column":61},"end":{"line":354,"column":1}},"line":334},"9":{"name":"(anonymous_9)","decl":{"start":{"line":356,"column":22},"end":{"line":356,"column":23}},"loc":{"start":{"line":356,"column":30},"end":{"line":358,"column":1}},"line":356}},"branchMap":{"0":{"loc":{"start":{"line":26,"column":4},"end":{"line":27,"column":80}},"type":"if","locations":[{"start":{"line":26,"column":4},"end":{"line":27,"column":80}},{"start":{},"end":{}}],"line":26},"1":{"loc":{"start":{"line":31,"column":4},"end":{"line":32,"column":80}},"type":"if","locations":[{"start":{"line":31,"column":4},"end":{"line":32,"column":80}},{"start":{},"end":{}}],"line":31},"2":{"loc":{"start":{"line":64,"column":4},"end":{"line":65,"column":71}},"type":"if","locations":[{"start":{"line":64,"column":4},"end":{"line":65,"column":71}},{"start":{},"end":{}}],"line":64},"3":{"loc":{"start":{"line":67,"column":4},"end":{"line":68,"column":68}},"type":"if","locations":[{"start":{"line":67,"column":4},"end":{"line":68,"column":68}},{"start":{},"end":{}}],"line":67},"4":{"loc":{"start":{"line":218,"column":6},"end":{"line":220,"column":7}},"type":"if","locations":[{"start":{"line":218,"column":6},"end":{"line":220,"column":7}},{"start":{},"end":{}}],"line":218}},"s":{"0":7,"1":7,"2":7,"3":7,"4":7,"5":7,"6":3,"7":3,"8":3,"9":3,"10":1,"11":2,"12":2,"13":1,"14":1,"15":1,"16":0,"17":7,"18":1,"19":1,"20":1,"21":1,"22":0,"23":7,"24":11,"25":11,"26":11,"27":11,"28":1,"29":10,"30":10,"31":1,"32":9,"33":9,"34":9,"35":0,"36":9,"37":9,"38":9,"39":0,"40":7,"41":1,"42":1,"43":1,"44":1,"45":1,"46":0,"47":1,"48":1,"49":0,"50":1,"51":0,"52":7,"53":2,"54":2,"55":2,"56":2,"57":2,"58":2,"59":1,"60":0,"61":1,"62":1,"63":1,"64":0,"65":7,"66":1,"67":1,"68":1,"69":1,"70":1,"71":1,"72":1,"73":1,"74":1,"75":1,"76":1,"77":0,"78":7,"79":1,"80":1,"81":1,"82":1,"83":0,"84":7,"85":1,"86":1,"87":1,"88":1,"89":1,"90":1,"91":1,"92":1,"93":1,"94":0,"95":7,"96":1,"97":1,"98":1,"99":1,"100":1,"101":0,"102":7,"103":9},"f":{"0":3,"1":1,"2":11,"3":1,"4":2,"5":1,"6":1,"7":1,"8":1,"9":9},"b":{"0":[1,2],"1":[1,1],"2":[1,10],"3":[1,9],"4":[1,1]},"_coverageSchema":"1a1c01bbd47fc00a2c39e90264f33305004495a9","hash":"071ed192d31c4376d8079e9b3616043341d6c585"}
,"C:\\Users\\SHYAM\\Downloads\\softeendsem-main (1)\\softeendsem-main\\server\\middlewares\\authmiddleware.js": {"path":"C:\\Users\\SHYAM\\Downloads\\softeendsem-main (1)\\softeendsem-main\\server\\middlewares\\authmiddleware.js","statementMap":{"0":{"start":{"line":1,"column":12},"end":{"line":1,"column":35}},"1":{"start":{"line":2,"column":21},"end":{"line":2,"column":53}},"2":{"start":{"line":3,"column":13},"end":{"line":3,"column":43}},"3":{"start":{"line":5,"column":19},"end":{"line":35,"column":2}},"4":{"start":{"line":8,"column":2},"end":{"line":29,"column":3}},"5":{"start":{"line":12,"column":4},"end":{"line":28,"column":5}},"6":{"start":{"line":14,"column":6},"end":{"line":14,"column":54}},"7":{"start":{"line":15,"column":6},"end":{"line":15,"column":25}},"8":{"start":{"line":18,"column":22},"end":{"line":18,"column":63}},"9":{"start":{"line":21,"column":6},"end":{"line":21,"column":69}},"10":{"start":{"line":23,"column":6},"end":{"line":23,"column":13}},"11":{"start":{"line":27,"column":6},"end":{"line":27,"column":40}},"12":{"start":{"line":31,"column":2},"end":{"line":34,"column":3}},"13":{"start":{"line":33,"column":4},"end":{"line":33,"column":48}},"14":{"start":{"line":37,"column":0},"end":{"line":37,"column":32}}},"fnMap":{"0":{"name":"(anonymous_0)","decl":{"start":{"line":5,"column":32},"end":{"line":5,"column":33}},"loc":{"start":{"line":5,"column":58},"end":{"line":35,"column":1}},"line":5}},"branchMap":{"0":{"loc":{"start":{"line":8,"column":2},"end":{"line":29,"column":3}},"type":"if","locations":[{"start":{"line":8,"column":2},"end":{"line":29,"column":3}},{"start":{},"end":{}}],"line":8},"1":{"loc":{"start":{"line":9,"column":4},"end":{"line":10,"column":50}},"type":"binary-expr","locations":[{"start":{"line":9,"column":4},"end":{"line":9,"column":29}},{"start":{"line":10,"column":4},"end":{"line":10,"column":50}}],"line":9},"2":{"loc":{"start":{"line":31,"column":2},"end":{"line":34,"column":3}},"type":"if","locations":[{"start":{"line":31,"column":2},"end":{"line":34,"column":3}},{"start":{},"end":{}}],"line":31}},"s":{"0":7,"1":7,"2":7,"3":7,"4":8,"5":8,"6":8,"7":8,"8":8,"9":8,"10":8,"11":0,"12":8,"13":0,"14":7},"f":{"0":8},"b":{"0":[8,0],"1":[8,8],"2":[0,8]},"_coverageSchema":"1a1c01bbd47fc00a2c39e90264f33305004495a9","hash":"56821813e093efda1647fa7b31d179272e247463"}
,"C:\\Users\\SHYAM\\Downloads\\softeendsem-main (1)\\softeendsem-main\\server\\models\\messageModel.js": {"path":"C:\\Users\\SHYAM\\Downloads\\softeendsem-main (1)\\softeendsem-main\\server\\models\\messageModel.js","statementMap":{"0":{"start":{"line":1,"column":17},"end":{"line":1,"column":36}},"1":{"start":{"line":3,"column":22},"end":{"line":18,"column":1}},"2":{"start":{"line":20,"column":0},"end":{"line":20,"column":59}}},"fnMap":{},"branchMap":{},"s":{"0":7,"1":7,"2":7},"f":{},"b":{},"_coverageSchema":"1a1c01bbd47fc00a2c39e90264f33305004495a9","hash":"86872240fdffe330fd0f7433399f8f648be220d0"}
,"C:\\Users\\SHYAM\\Downloads\\softeendsem-main (1)\\softeendsem-main\\server\\models\\userModel.js": {"path":"C:\\Users\\SHYAM\\Downloads\\softeendsem-main (1)\\softeendsem-main\\server\\models\\userModel.js","statementMap":{"0":{"start":{"line":1,"column":17},"end":{"line":1,"column":36}},"1":{"start":{"line":2,"column":12},"end":{"line":2,"column":35}},"2":{"start":{"line":4,"column":19},"end":{"line":61,"column":2}},"3":{"start":{"line":74,"column":0},"end":{"line":74,"column":53}}},"fnMap":{},"branchMap":{},"s":{"0":7,"1":7,"2":7,"3":7},"f":{},"b":{},"_coverageSchema":"1a1c01bbd47fc00a2c39e90264f33305004495a9","hash":"d0e350109dfbc9d89e048bac1b10eb958512baeb"}
,"C:\\Users\\SHYAM\\Downloads\\softeendsem-main (1)\\softeendsem-main\\server\\routes\\messages.js": {"path":"C:\\Users\\SHYAM\\Downloads\\softeendsem-main (1)\\softeendsem-main\\server\\routes\\messages.js","statementMap":{"0":{"start":{"line":1,"column":50},"end":{"line":1,"column":93}},"1":{"start":{"line":2,"column":15},"end":{"line":2,"column":42}},"2":{"start":{"line":4,"column":0},"end":{"line":4,"column":36}},"3":{"start":{"line":5,"column":0},"end":{"line":5,"column":37}},"4":{"start":{"line":6,"column":0},"end":{"line":6,"column":42}},"5":{"start":{"line":9,"column":0},"end":{"line":9,"column":24}}},"fnMap":{},"branchMap":{},"s":{"0":7,"1":7,"2":7,"3":7,"4":7,"5":7},"f":{},"b":{},"_coverageSchema":"1a1c01bbd47fc00a2c39e90264f33305004495a9","hash":"36b473fe8386032e7ea5adceb3bc8388492cb491"}
,"C:\\Users\\SHYAM\\Downloads\\softeendsem-main (1)\\softeendsem-main\\server\\routes\\userRoutes.js": {"path":"C:\\Users\\SHYAM\\Downloads\\softeendsem-main (1)\\softeendsem-main\\server\\routes\\userRoutes.js","statementMap":{"0":{"start":{"line":1,"column":15},"end":{"line":1,"column":42}},"1":{"start":{"line":2,"column":17},"end":{"line":2,"column":60}},"2":{"start":{"line":3,"column":16},"end":{"line":3,"column":56}},"3":{"start":{"line":5,"column":0},"end":{"line":5,"column":44}},"4":{"start":{"line":6,"column":0},"end":{"line":6,"column":38}},"5":{"start":{"line":7,"column":0},"end":{"line":7,"column":64}},"6":{"start":{"line":8,"column":0},"end":{"line":8,"column":65}},"7":{"start":{"line":9,"column":0},"end":{"line":9,"column":69}},"8":{"start":{"line":10,"column":0},"end":{"line":10,"column":81}},"9":{"start":{"line":11,"column":0},"end":{"line":11,"column":63}},"10":{"start":{"line":12,"column":0},"end":{"line":12,"column":65}},"11":{"start":{"line":13,"column":0},"end":{"line":13,"column":71}},"12":{"start":{"line":17,"column":0},"end":{"line":17,"column":24}}},"fnMap":{},"branchMap":{},"s":{"0":7,"1":7,"2":7,"3":7,"4":7,"5":7,"6":7,"7":7,"8":7,"9":7,"10":7,"11":7,"12":7},"f":{},"b":{},"_coverageSchema":"1a1c01bbd47fc00a2c39e90264f33305004495a9","hash":"3d427605a4ab10996b98493a2babbf812337d78e"}
}
