TN:
SF:app.js
FN:15,(anonymous_0)
FNF:1
FNH:1
FNDA:7,(anonymous_0)
DA:1,7
DA:2,7
DA:3,7
DA:5,7
DA:6,7
DA:7,7
DA:8,7
DA:9,7
DA:10,7
DA:12,7
DA:15,7
DA:16,7
DA:17,7
DA:22,7
DA:23,7
DA:26,7
DA:27,7
DA:33,7
LF:18
LH:18
BRF:0
BRH:0
end_of_record
TN:
SF:controllers\messageController.js
FN:3,(anonymous_0)
FN:18,(anonymous_1)
FN:34,(anonymous_2)
FN:53,(anonymous_3)
FNF:4
FNH:4
FNDA:1,(anonymous_0)
FNDA:1,(anonymous_1)
FNDA:1,(anonymous_2)
FNDA:1,(anonymous_3)
DA:1,7
DA:3,7
DA:4,1
DA:5,1
DA:6,1
DA:7,1
DA:9,1
DA:14,1
DA:15,1
DA:16,0
DA:18,1
DA:19,1
DA:24,1
DA:25,1
DA:28,1
DA:30,0
DA:34,7
DA:35,1
DA:36,1
DA:38,1
DA:39,1
DA:44,1
DA:45,1
DA:53,7
DA:54,1
DA:55,1
DA:56,1
DA:57,1
DA:62,1
LF:29
LH:27
BRDA:15,0,0,0
BRDA:15,0,1,1
BRDA:45,1,0,1
BRDA:45,1,1,0
BRDA:62,2,0,1
BRDA:62,2,1,0
BRF:6
BRH:3
end_of_record
TN:
SF:controllers\userController.js
FN:20,(anonymous_0)
FN:42,(anonymous_1)
FN:56,(anonymous_2)
FN:121,(anonymous_3)
FN:207,(anonymous_4)
FN:255,(anonymous_5)
FN:278,(anonymous_6)
FN:289,(anonymous_7)
FN:334,(anonymous_8)
FN:356,(anonymous_9)
FNF:10
FNH:10
FNDA:3,(anonymous_0)
FNDA:1,(anonymous_1)
FNDA:11,(anonymous_2)
FNDA:1,(anonymous_3)
FNDA:2,(anonymous_4)
FNDA:1,(anonymous_5)
FNDA:1,(anonymous_6)
FNDA:1,(anonymous_7)
FNDA:1,(anonymous_8)
FNDA:9,(anonymous_9)
DA:1,7
DA:2,7
DA:4,7
DA:6,7
DA:7,7
DA:20,7
DA:21,3
DA:23,3
DA:24,3
DA:26,3
DA:27,1
DA:29,2
DA:31,2
DA:32,1
DA:35,1
DA:36,1
DA:38,0
DA:42,7
DA:44,1
DA:45,1
DA:46,1
DA:49,1
DA:52,0
DA:56,7
DA:59,11
DA:61,11
DA:62,11
DA:64,11
DA:65,1
DA:66,10
DA:67,10
DA:68,1
DA:70,9
DA:73,9
DA:75,9
DA:84,0
DA:111,9
DA:112,9
DA:113,9
DA:116,0
DA:121,7
DA:122,1
DA:125,1
DA:126,1
DA:129,1
DA:130,1
DA:134,0
DA:137,1
DA:138,1
DA:142,0
DA:152,1
DA:156,0
DA:207,7
DA:208,2
DA:210,2
DA:211,2
DA:213,2
DA:214,2
DA:218,2
DA:219,1
DA:222,0
DA:225,1
DA:230,1
DA:237,1
DA:241,0
DA:255,7
DA:256,1
DA:258,1
DA:259,1
DA:260,1
DA:261,1
DA:262,1
DA:263,1
DA:264,1
DA:265,1
DA:266,1
DA:272,1
DA:274,0
DA:278,7
DA:279,1
DA:281,1
DA:282,1
DA:283,1
DA:285,0
DA:289,7
DA:290,1
DA:292,1
DA:294,1
DA:296,1
DA:297,1
DA:298,1
DA:299,1
DA:300,1
DA:305,1
DA:307,0
DA:334,7
DA:335,1
DA:336,1
DA:337,1
DA:340,1
DA:348,1
DA:352,0
DA:356,7
DA:357,9
LF:104
LH:91
BRDA:26,0,0,1
BRDA:26,0,1,2
BRDA:31,1,0,1
BRDA:31,1,1,1
BRDA:64,2,0,1
BRDA:64,2,1,10
BRDA:67,3,0,1
BRDA:67,3,1,9
BRDA:218,4,0,1
BRDA:218,4,1,1
BRF:10
BRH:10
end_of_record
TN:
SF:middlewares\authmiddleware.js
FN:5,(anonymous_0)
FNF:1
FNH:1
FNDA:8,(anonymous_0)
DA:1,7
DA:2,7
DA:3,7
DA:5,7
DA:8,8
DA:12,8
DA:14,8
DA:15,8
DA:18,8
DA:21,8
DA:23,8
DA:27,0
DA:31,8
DA:33,0
DA:37,7
LF:15
LH:13
BRDA:8,0,0,8
BRDA:8,0,1,0
BRDA:9,1,0,8
BRDA:9,1,1,8
BRDA:31,2,0,0
BRDA:31,2,1,8
BRF:6
BRH:4
end_of_record
TN:
SF:models\messageModel.js
FNF:0
FNH:0
DA:1,7
DA:3,7
DA:20,7
LF:3
LH:3
BRF:0
BRH:0
end_of_record
TN:
SF:models\userModel.js
FNF:0
FNH:0
DA:1,7
DA:2,7
DA:4,7
DA:74,7
LF:4
LH:4
BRF:0
BRH:0
end_of_record
TN:
SF:routes\messages.js
FNF:0
FNH:0
DA:1,7
DA:2,7
DA:4,7
DA:5,7
DA:6,7
DA:9,7
LF:6
LH:6
BRF:0
BRH:0
end_of_record
TN:
SF:routes\userRoutes.js
FNF:0
FNH:0
DA:1,7
DA:2,7
DA:3,7
DA:5,7
DA:6,7
DA:7,7
DA:8,7
DA:9,7
DA:10,7
DA:11,7
DA:12,7
DA:13,7
DA:17,7
LF:13
LH:13
BRF:0
BRH:0
end_of_record
